c:\users\sebas\onedrive\escritorio\sym\juego sos\spaceinvaders\x64\debug\vc143.pdb
c:\users\sebas\onedrive\escritorio\sym\juego sos\spaceinvaders\x64\debug\vc143.idb
c:\users\sebas\onedrive\escritorio\sym\juego sos\spaceinvaders\x64\debug\player.obj
c:\users\sebas\onedrive\escritorio\sym\juego sos\spaceinvaders\x64\debug\main.obj
c:\users\sebas\onedrive\escritorio\sym\juego sos\spaceinvaders\x64\debug\game.obj
c:\users\sebas\onedrive\escritorio\sym\juego sos\spaceinvaders\x64\debug\enemy.obj
c:\users\sebas\onedrive\escritorio\sym\juego sos\spaceinvaders\x64\debug\enemiesmanager.obj
c:\users\sebas\onedrive\escritorio\sym\juego sos\x64\debug\spaceinvaders.exe
c:\users\sebas\onedrive\escritorio\sym\juego sos\spaceinvaders\x64\debug\spaceinvaders.ilk
c:\users\sebas\onedrive\escritorio\sym\juego sos\x64\debug\spaceinvaders.pdb
c:\users\sebas\onedrive\escritorio\sym\spaceinvaders-main\x64\debug\sfml-graphics-d-2.dll
c:\users\sebas\onedrive\escritorio\sym\spaceinvaders-main\x64\debug\sfml-window-d-2.dll
c:\users\sebas\onedrive\escritorio\sym\spaceinvaders-main\x64\debug\sfml-system-d-2.dll
c:\users\sebas\onedrive\escritorio\sym\spaceinvaders-main\x64\debug\freetyped.dll
c:\users\sebas\onedrive\escritorio\sym\spaceinvaders-main\x64\debug\zlibd1.dll
c:\users\sebas\onedrive\escritorio\sym\spaceinvaders-main\x64\debug\bz2d.dll
c:\users\sebas\onedrive\escritorio\sym\spaceinvaders-main\x64\debug\libpng16d.dll
c:\users\sebas\onedrive\escritorio\sym\spaceinvaders-main\x64\debug\brotlidec.dll
c:\users\sebas\onedrive\escritorio\sym\spaceinvaders-main\x64\debug\brotlicommon.dll
c:\users\sebas\onedrive\escritorio\sym\juego sos\x64\debug\sfml-graphics-d-2.dll
c:\users\sebas\onedrive\escritorio\sym\juego sos\x64\debug\sfml-window-d-2.dll
c:\users\sebas\onedrive\escritorio\sym\juego sos\x64\debug\sfml-system-d-2.dll
c:\users\sebas\onedrive\escritorio\sym\juego sos\x64\debug\freetyped.dll
c:\users\sebas\onedrive\escritorio\sym\juego sos\x64\debug\zlibd1.dll
c:\users\sebas\onedrive\escritorio\sym\juego sos\x64\debug\bz2d.dll
c:\users\sebas\onedrive\escritorio\sym\juego sos\x64\debug\libpng16d.dll
c:\users\sebas\onedrive\escritorio\sym\juego sos\x64\debug\brotlidec.dll
c:\users\sebas\onedrive\escritorio\sym\juego sos\x64\debug\brotlicommon.dll
c:\jueguito\juego sos\spaceinvaders\x64\debug\enemies.obj
c:\jueguito\juego sos\spaceinvaders\x64\debug\enemiesmanager.obj
c:\jueguito\juego sos\spaceinvaders\x64\debug\enemy.obj
c:\jueguito\juego sos\spaceinvaders\x64\debug\game.obj
c:\jueguito\juego sos\spaceinvaders\x64\debug\main.obj
c:\jueguito\juego sos\spaceinvaders\x64\debug\player.obj
c:\jueguito\juego sos\spaceinvaders\x64\debug\spaceinvaders.ilk
c:\jueguito\juego sos\spaceinvaders\x64\debug\vc143.idb
c:\jueguito\juego sos\spaceinvaders\x64\debug\vc143.pdb
c:\jueguito\juego sos\x64\debug\spaceinvaders.pdb
c:\jueguito\juego sos\x64\debug\spaceinvaders.exe
c:\jueguito\juego sos\spaceinvaders\x64\debug\spaceinvaders.tlog\cl.command.1.tlog
c:\jueguito\juego sos\spaceinvaders\x64\debug\spaceinvaders.tlog\cl.items.tlog
c:\jueguito\juego sos\spaceinvaders\x64\debug\spaceinvaders.tlog\cl.read.1.tlog
c:\jueguito\juego sos\spaceinvaders\x64\debug\spaceinvaders.tlog\cl.write.1.tlog
c:\jueguito\juego sos\spaceinvaders\x64\debug\spaceinvaders.tlog\link.command.1.tlog
c:\jueguito\juego sos\spaceinvaders\x64\debug\spaceinvaders.tlog\link.read.1.tlog
c:\jueguito\juego sos\spaceinvaders\x64\debug\spaceinvaders.tlog\link.write.1.tlog
c:\jueguito\juego sos\spaceinvaders\x64\debug\spaceinvaders.tlog\spaceinvaders.write.1u.tlog
